<?xml version="1.0" encoding="UTF-8"?>
<!-- Generated by org.testng.reporters.JUnitReportReporter -->
<testsuite hostname="sreekanths-MacBook-Pro.local" failures="0" tests="4" name="runner.TestRunner" time="15.249" errors="0" timestamp="2023-05-22T22:09:36 IST" skipped="0">
  <testcase classname="runner.TestRunner" name="runScenario" time="3.756"/>
  <system-out/>
  <testcase classname="runner.TestRunner" name="runScenario" time="3.286"/>
  <system-out/>
  <testcase classname="runner.TestRunner" name="runScenario" time="3.945"/>
  <system-out/>
  <testcase classname="runner.TestRunner" name="runScenario" time="4.262"/>
  <system-out/>
</testsuite> <!-- runner.TestRunner -->
